<?xml version="1.0" encoding="UTF-8"?>
<!-- Generated by org.testng.reporters.JUnitReportReporter -->
<testsuite hostname="krishna" failures="0" tests="4" name="com.qa.testcases.UsersTC" time="35.297" errors="0" timestamp="2023-10-02T22:44:31 IST" skipped="0">
  <testcase classname="com.qa.testcases.UsersTC" name="addUsers" time="7.961"/>
  <testcase classname="com.qa.testcases.UsersTC" name="addUserDetails" time="9.822"/>
  <testcase classname="com.qa.testcases.UsersTC" name="updateUsers" time="10.268"/>
  <testcase classname="com.qa.testcases.UsersTC" name="deleteUsers" time="7.246"/>
</testsuite> <!-- com.qa.testcases.UsersTC -->
